<?xml version="1.0" encoding="UTF-8"?>
<beans xmlns="http://www.springframework.org/schema/beans"
       xmlns:xsi="http://www.w3.org/2001/XMLSchema-instance"
       xmlns:context="http://www.springframework.org/schema/context"
       xmlns:tx="http://www.springframework.org/schema/tx"
              xmlns:aop="http://www.springframework.org/schema/aop"
       xsi:schemaLocation="http://www.springframework.org/schema/beans
                           http://www.springframework.org/schema/beans/spring-beans.xsd
                           http://www.springframework.org/schema/mvc
                           http://www.springframework.org/schema/mvc/spring-mvc.xsd
                           http://www.springframework.org/schema/tx 
                           http://www.springframework.org/schema/tx/spring-tx-3.0.xsd
                           http://www.springframework.org/schema/context
                           http://www.springframework.org/schema/context/spring-context.xsd
       http://www.springframework.org/schema/aop http://www.springframework.org/schema/aop/spring-aop-3.2.xsd"> 

    <tx:annotation-driven /> <!-- transactional annotation driven interface -->
    
    <bean id="dataSource" class="org.apache.commons.dbcp.BasicDataSource" >
        <property name="driverClassName" value="com.mysql.jdbc.Driver" />
        <property name="url" value="jdbc:mysql://localhost:3306/contacts_test" /> <!-- defines which db to talk to, 3306 is default por for mysql in most cases --> 
        <property name="username" value="root" />
        <property name="password" value="apprentice" />
        <property name="initialSize" value="5" /> <!-- how many connections java can have to mysql, limited by hardware specs, also is min -->
        <property name="maxActive" value="10" /> <!-- allow connection pool to grow to 10 if needed, can occupy levels in betw -->
    </bean>
    
    <bean id="transactionManager" class="org.springframework.jdbc.datasource.DataSourceTransactionManager">
        <property name="dataSource" ref="dataSource" />
    </bean>
    
    <bean id="jdbcTemplate" class="org.springframework.jdbc.core.JdbcTemplate">
        <property name="dataSource" ref="dataSource" />
    </bean>
    
    <!-- Bean definitions go here -->
    <bean id="contactListDAO" class="com.swcguild.contactlistmvc.dao.ContactListDaoDbImpl" >
        <property name="jdbcTemplate" ref="jdbcTemplate" /> <!-- for setter injection -->
    </bean>
    
</beans>
